<?xml version="1.0" encoding="UTF-8"?>
<testng-results skipped="0" failed="0" ignored="0" total="2" passed="2">
  <reporter-output>
  </reporter-output>
  <suite name="Default suite" duration-ms="115" started-at="2022-02-19T07:57:39Z" finished-at="2022-02-19T07:57:39Z">
    <groups>
    </groups>
    <test name="Default test" duration-ms="115" started-at="2022-02-19T07:57:39Z" finished-at="2022-02-19T07:57:39Z">
      <class name="com.testNg.TestNgParallelClass1">
        <test-method status="PASS" signature="beforeClass()[pri:0, instance:com.testNg.TestNgParallelClass1@22eeefeb]" name="beforeClass" is-config="true" duration-ms="22" started-at="2022-02-19T07:57:39Z" finished-at="2022-02-19T07:57:39Z">
          <reporter-output>
          </reporter-output>
        </test-method> <!-- beforeClass -->
        <test-method status="PASS" signature="testMethodOne()[pri:0, instance:com.testNg.TestNgParallelClass1@22eeefeb]" name="testMethodOne" duration-ms="15" started-at="2022-02-19T07:57:39Z" finished-at="2022-02-19T07:57:39Z">
          <reporter-output>
          </reporter-output>
        </test-method> <!-- testMethodOne -->
        <test-method status="PASS" signature="testMethodTwo()[pri:0, instance:com.testNg.TestNgParallelClass1@22eeefeb]" name="testMethodTwo" duration-ms="2" started-at="2022-02-19T07:57:39Z" finished-at="2022-02-19T07:57:39Z">
          <reporter-output>
          </reporter-output>
        </test-method> <!-- testMethodTwo -->
        <test-method status="PASS" signature="afterClass()[pri:0, instance:com.testNg.TestNgParallelClass1@22eeefeb]" name="afterClass" is-config="true" duration-ms="0" started-at="2022-02-19T07:57:39Z" finished-at="2022-02-19T07:57:39Z">
          <reporter-output>
          </reporter-output>
        </test-method> <!-- afterClass -->
      </class> <!-- com.testNg.TestNgParallelClass1 -->
    </test> <!-- Default test -->
  </suite> <!-- Default suite -->
</testng-results>
